Removed Pin From Net: NetName=Current Pin=J8-7
Removed Pin From Net: NetName=NetJ1_2 Pin=Q1-1
Removed Pin From Net: NetName=NetD1_2 Pin=Q1-2
Change Component Comment : Designator=D2 Old Comment=Green LED New Comment=LED
Change Component Comment : Designator=R2 Old Comment=Resistor 10k Ohms THT New Comment=100k
Added Component: Designator=U2(Atmega328P)
Add component (AddParameter): Name = "Parameter 1"; Value = ""; VariantName = "[No Variations]"
Add component (AddParameter): Name = "Parameter 2"; Value = ""; VariantName = "[No Variations]"
Add component (AddParameter): Name = "Parameter 3"; Value = ""; VariantName = "[No Variations]"
Add component (AddParameter): Name = "Parameter 4"; Value = ""; VariantName = "[No Variations]"
Added Pin To Net: NetName=Current Pin=J8-8
Added Pin To Net: NetName=NetD1_2 Pin=Q1-1
Added Pin To Net: NetName=NetJ1_2 Pin=Q1-2
Added Pin To Net: NetName=NetR1_2 Pin=U2-1
Added Pin To Net: NetName=Rx Pin=U2-2
Added Pin To Net: NetName=Tx Pin=U2-3
Added Pin To Net: NetName=Trig1 Pin=U2-4
Added Pin To Net: NetName=Echo1 Pin=U2-5
Added Pin To Net: NetName=+5 Pin=U2-7
Added Pin To Net: NetName=GND Pin=U2-8
Added Pin To Net: NetName=NetC4_2 Pin=U2-9
Added Pin To Net: NetName=NetC5_2 Pin=U2-10
Added Pin To Net: NetName=R Pin=U2-11
Added Pin To Net: NetName=G Pin=U2-12
Added Pin To Net: NetName=B Pin=U2-13
Added Pin To Net: NetName=IN2 Pin=U2-14
Added Pin To Net: NetName=IN1 Pin=U2-15
Added Pin To Net: NetName=EN1 Pin=U2-16
Added Pin To Net: NetName=EN2 Pin=U2-17
Added Pin To Net: NetName=IN3 Pin=U2-18
Added Pin To Net: NetName=IN4 Pin=U2-19
Added Pin To Net: NetName=+5 Pin=U2-20
Added Pin To Net: NetName=+5 Pin=U2-21
Added Pin To Net: NetName=GND Pin=U2-22
Added Pin To Net: NetName=Current Pin=U2-23
Added Pin To Net: NetName=Trig2 Pin=U2-25
Added Pin To Net: NetName=Echo2 Pin=U2-26
Added Pin To Net: NetName=Trig3 Pin=U2-27
Added Pin To Net: NetName=Echo3 Pin=U2-28
Change Net Name : Old Net Name=NetC4_2 New Net Name=Pin 9
Change Net Name : Old Net Name=NetC5_2 New Net Name=Pin 10
Change Net Name : Old Net Name=NetR1_2 New Net Name=Reset
Change Net Name : Old Net Name=R5 New Net Name=NetJ5_1
Change Net Name : Old Net Name=R6 New Net Name=NetJ5_3
Change Net Name : Old Net Name=R7 New Net Name=NetJ5_4
Added Pin To Net: NetName=Voltage  Pin=J8-7
Added Pin To Net: NetName=Voltage  Pin=U2-24
Added Pin To Net: NetName=Voltage  Pin=X1-24
Added Net: Name=Voltage 
Added Member To Class: ClassName=Sheet1 Member=Component Q1 IRF9530
Added Member To Class: ClassName=Sheet1 Member=Component U2 Atmega328P
