Removed Member From Class: ClassName=Sheet1 Member=J1
Removed Member From Class: ClassName=Sheet1 Member=J2
Added Component: Designator=C10(Capacitor 100nF THT)
Added Component: Designator=C11(Capacitor 100nF THT)
Added Component: Designator=D6(RGB LED Common Anode)
Added Component: Designator=J?(Pin Headers 4 pins)
Added Component: Designator=R5(Carbon Resistor 1k Ohm 0.25W)
Added Component: Designator=R6(Carbon Resistor 1k Ohm 0.25W)
Added Component: Designator=R7(Carbon Resistor 1k Ohm 0.25W)
Added Component: Designator=U4(FP-LC-8-IPC_A)
Add component (AddParameter): Name = "Accuracy"; Value = "1.5%"; VariantName = "[No Variations]"
Add component (AddParameter): Name = "Bandwidth"; Value = "80kHz"; VariantName = "[No Variations]"
Add component (AddParameter): Name = "Case/Package"; Value = "SOIC"; VariantName = "[No Variations]"
Add component (AddParameter): Name = "Current Sensing"; Value = "5A"; VariantName = "[No Variations]"
Add component (AddParameter): Name = "Frequency"; Value = "80kHz"; VariantName = "[No Variations]"
Add component (AddParameter): Name = "Height"; Value = "1.5mm"; VariantName = "[No Variations]"
Add component (AddParameter): Name = "Lead Free"; Value = "Lead Free"; VariantName = "[No Variations]"
Add component (AddParameter): Name = "Length"; Value = "4.9mm"; VariantName = "[No Variations]"
Add component (AddParameter): Name = "Linearity"; Value = "1.5%"; VariantName = "[No Variations]"
Add component (AddParameter): Name = "Max Operating Temperature"; Value = "85°C"; VariantName = "[No Variations]"
Add component (AddParameter): Name = "Max Supply Current"; Value = "13mA"; VariantName = "[No Variations]"
Add component (AddParameter): Name = "Max Supply Voltage"; Value = "5.5V"; VariantName = "[No Variations]"
Add component (AddParameter): Name = "Min Operating Temperature"; Value = "-40°C"; VariantName = "[No Variations]"
Add component (AddParameter): Name = "Min Supply Voltage"; Value = "4.5V"; VariantName = "[No Variations]"
Add component (AddParameter): Name = "Mount"; Value = "Surface Mount"; VariantName = "[No Variations]"
Add component (AddParameter): Name = "Number of Channels"; Value = "1"; VariantName = "[No Variations]"
Add component (AddParameter): Name = "Number of Pins"; Value = "8"; VariantName = "[No Variations]"
Add component (AddParameter): Name = "Operating Supply Voltage"; Value = "5V"; VariantName = "[No Variations]"
Add component (AddParameter): Name = "Output Current"; Value = "10mA"; VariantName = "[No Variations]"
Add component (AddParameter): Name = "Package Quantity"; Value = "1"; VariantName = "[No Variations]"
Add component (AddParameter): Name = "Packaging"; Value = "Cut Tape"; VariantName = "[No Variations]"
Add component (AddParameter): Name = "Polarity"; Value = "Bidirectional"; VariantName = "[No Variations]"
Add component (AddParameter): Name = "Quiescent Current"; Value = "10mA"; VariantName = "[No Variations]"
Add component (AddParameter): Name = "REACH SVHC"; Value = "No SVHC"; VariantName = "[No Variations]"
Add component (AddParameter): Name = "Response Time"; Value = "5us"; VariantName = "[No Variations]"
Add component (AddParameter): Name = "RoHS Compliant"; Value = "Yes"; VariantName = "[No Variations]"
Add component (AddParameter): Name = "Sensitivity"; Value = "185mV/A"; VariantName = "[No Variations]"
Add component (AddParameter): Name = "Series"; Value = "-"; VariantName = "[No Variations]"
Add component (AddParameter): Name = "Termination"; Value = "SMD/SMT"; VariantName = "[No Variations]"
Add component (AddParameter): Name = "Voltage"; Value = "5V"; VariantName = "[No Variations]"
Add component (AddParameter): Name = "Width"; Value = "3.9mm"; VariantName = "[No Variations]"
Added Component: Designator=X1(28 pins ic holder)
Added Component: Designator=Y1(Crystal 16MHz)
Added Pin To Net: NetName=+5 Pin=C10-1
Added Pin To Net: NetName=GND Pin=C10-2
Added Pin To Net: NetName=GND Pin=C11-1
Added Pin To Net: NetName=NetC11_2 Pin=C11-2
Added Pin To Net: NetName=NetD6_1 Pin=D6-1
Added Pin To Net: NetName=+5 Pin=D6-2
Added Pin To Net: NetName=NetD6_3 Pin=D6-3
Added Pin To Net: NetName=NetD6_4 Pin=D6-4
Added Pin To Net: NetName=NetD6_1 Pin=R5-1
Added Pin To Net: NetName=R Pin=R5-2
Added Pin To Net: NetName=NetD6_3 Pin=R6-1
Added Pin To Net: NetName=G Pin=R6-2
Added Pin To Net: NetName=NetD6_4 Pin=R7-1
Added Pin To Net: NetName=B Pin=R7-2
Added Pin To Net: NetName=Vin Pin=U3-16
Added Pin To Net: NetName=Vin Pin=U4-1
Added Pin To Net: NetName=Vin Pin=U4-2
Added Pin To Net: NetName=GND Pin=U4-5
Added Pin To Net: NetName=NetC11_2 Pin=U4-6
Added Pin To Net: NetName=+5 Pin=U4-8
Added Pin To Net: NetName=NetC4_2 Pin=Y1-1
Added Pin To Net: NetName=NetC3_2 Pin=Y1-2
Added Pin To Net: NetName=NetU4_3 Pin=U4-3
Added Pin To Net: NetName=NetU4_3 Pin=U4-4
Added Net: Name=NetU4_3
Added Member To Class: ClassName=Sheet1 Member=Component C10 100nF
Added Member To Class: ClassName=Sheet1 Member=Component C11 1nF
Added Member To Class: ClassName=Sheet1 Member=Component D6 RGB LED
Added Member To Class: ClassName=Sheet1 Member=Component J? Pin Headers 4 pins
Added Member To Class: ClassName=Sheet1 Member=Component R5 330R
Added Member To Class: ClassName=Sheet1 Member=Component R6 330R
Added Member To Class: ClassName=Sheet1 Member=Component R7 330R
Added Member To Class: ClassName=Sheet1 Member=Component U4 ACS712 5A
Added Member To Class: ClassName=Sheet1 Member=Component X1 28Pins ic holder
Added Member To Class: ClassName=Sheet1 Member=Component Y1 16MHz
