Change Component Designator: OldDesignator=* NewDesignator=X2
Added Component: Designator=U2(Atmega328P)
Add component (AddParameter): Name = "Parameter 1"; Value = ""; VariantName = "[No Variations]"
Add component (AddParameter): Name = "Parameter 2"; Value = ""; VariantName = "[No Variations]"
Add component (AddParameter): Name = "Parameter 3"; Value = ""; VariantName = "[No Variations]"
Add component (AddParameter): Name = "Parameter 4"; Value = ""; VariantName = "[No Variations]"
Added Component: Designator=U3(L293D)
Added Pin To Net: NetName=NetR2_2 Pin=U2-1
Added Pin To Net: NetName=Rx Pin=U2-2
Added Pin To Net: NetName=Tx Pin=U2-3
Added Pin To Net: NetName=Trig1 Pin=U2-4
Added Pin To Net: NetName=Echo1 Pin=U2-5
Added Pin To Net: NetName=R Pin=U2-6
Added Pin To Net: NetName=+5 Pin=U2-7
Added Pin To Net: NetName=GND Pin=U2-8
Added Pin To Net: NetName=NetC3_2 Pin=U2-9
Added Pin To Net: NetName=NetC4_2 Pin=U2-10
Added Pin To Net: NetName=G Pin=U2-11
Added Pin To Net: NetName=B Pin=U2-12
Added Pin To Net: NetName=IN2 Pin=U2-13
Added Pin To Net: NetName=IN1 Pin=U2-14
Added Pin To Net: NetName=EN1 Pin=U2-15
Added Pin To Net: NetName=EN2 Pin=U2-16
Added Pin To Net: NetName=IN3 Pin=U2-17
Added Pin To Net: NetName=IN4 Pin=U2-18
Added Pin To Net: NetName=+5 Pin=U2-20
Added Pin To Net: NetName=+5 Pin=U2-21
Added Pin To Net: NetName=GND Pin=U2-22
Added Pin To Net: NetName=Current Pin=U2-24
Added Pin To Net: NetName=Trig2 Pin=U2-25
Added Pin To Net: NetName=Echo2 Pin=U2-26
Added Pin To Net: NetName=Trig3 Pin=U2-27
Added Pin To Net: NetName=Echo3 Pin=U2-28
Added Pin To Net: NetName=EN1 Pin=U3-1
Added Pin To Net: NetName=IN1 Pin=U3-2
Added Pin To Net: NetName=OUT1 Pin=U3-3
Added Pin To Net: NetName=GND Pin=U3-4
Added Pin To Net: NetName=GND Pin=U3-5
Added Pin To Net: NetName=OUT2 Pin=U3-6
Added Pin To Net: NetName=IN2 Pin=U3-7
Added Pin To Net: NetName=+5 Pin=U3-8
Added Pin To Net: NetName=EN2 Pin=U3-9
Added Pin To Net: NetName=IN3 Pin=U3-10
Added Pin To Net: NetName=OUT3 Pin=U3-11
Added Pin To Net: NetName=GND Pin=U3-12
Added Pin To Net: NetName=GND Pin=U3-13
Added Pin To Net: NetName=OUT4 Pin=U3-14
Added Pin To Net: NetName=IN4 Pin=U3-15
Added Pin To Net: NetName=Vin Pin=U3-16
Added Member To Class: ClassName=Sheet1 Member=Component U2 Atmega328P
Added Member To Class: ClassName=Sheet1 Member=Component U3 L293D
