Added Component: Designator=C1(Capacitor 100nF THT)
Added Component: Designator=C2(Capacitor 100nF THT)
Added Component: Designator=C3(Capacitor 22pF THT)
Added Component: Designator=C4(Capacitor 22pF THT)
Added Component: Designator=C5(Capacitor 100nF THT)
Added Component: Designator=C6(Capacitor 100nF THT)
Added Component: Designator=C7(Capacitor 100nF THT)
Added Component: Designator=C8(Capacitor 100nF THT)
Added Component: Designator=C9(Capacitor 100nF THT)
Added Component: Designator=D1(Green Led 5mm)
Added Component: Designator=D2(Green Led 5mm)
Added Component: Designator=D3(Green Led 5mm)
Added Component: Designator=D4(Green Led 5mm)
Added Component: Designator=D5(Green Led 5mm)
Added Component: Designator=D6(RGB LED Common Anode)
Added Component: Designator=J1(Pin Header 6 Pin Female)
Added Component: Designator=J2(Pin Headers 8 Pin Female)
Added Component: Designator=R1(Carbon Resistor 1k Ohm 0.25W)
Added Component: Designator=R2(Carbon Resistor 10k Ohm 0.25W)
Added Component: Designator=R3(Carbon Resistor 1k Ohm 0.25W)
Added Component: Designator=R4(Carbon Resistor 1k Ohm 0.25W)
Added Component: Designator=S1(PushButton 2 pins)
Added Component: Designator=U1(Regulator LM7805 THT)
Added Component: Designator=U2(Atmega328P)
Add component (AddParameter): Name = "Parameter 1"; Value = ""; VariantName = "[No Variations]"
Add component (AddParameter): Name = "Parameter 2"; Value = ""; VariantName = "[No Variations]"
Add component (AddParameter): Name = "Parameter 3"; Value = ""; VariantName = "[No Variations]"
Add component (AddParameter): Name = "Parameter 4"; Value = ""; VariantName = "[No Variations]"
Added Component: Designator=U3(L293D)
Added Component: Designator=X1(28 pins ic holder)
Added Component: Designator=Y1(Crystal 16MHz)
Added Pin To Net: NetName=GND Pin=C1-1
Added Pin To Net: NetName=Vin Pin=C1-2
Added Pin To Net: NetName=GND Pin=C2-1
Added Pin To Net: NetName=+5 Pin=C2-2
Added Pin To Net: NetName=GND Pin=C3-1
Added Pin To Net: NetName=NetC3_2 Pin=C3-2
Added Pin To Net: NetName=GND Pin=C4-1
Added Pin To Net: NetName=NetC4_2 Pin=C4-2
Added Pin To Net: NetName=OUT2 Pin=C5-1
Added Pin To Net: NetName=OUT1 Pin=C5-2
Added Pin To Net: NetName=OUT4 Pin=C6-1
Added Pin To Net: NetName=OUT3 Pin=C6-2
Added Pin To Net: NetName=+5 Pin=C7-1
Added Pin To Net: NetName=GND Pin=C7-2
Added Pin To Net: NetName=GND Pin=C8-1
Added Pin To Net: NetName=+5 Pin=C8-2
Added Pin To Net: NetName=GND Pin=C9-1
Added Pin To Net: NetName=+5 Pin=C9-2
Added Pin To Net: NetName=GND Pin=D1-2
Added Pin To Net: NetName=NetD2_1 Pin=D2-1
Added Pin To Net: NetName=OUT2 Pin=D2-2
Added Pin To Net: NetName=OUT2 Pin=D3-1
Added Pin To Net: NetName=NetD2_1 Pin=D3-2
Added Pin To Net: NetName=NetD4_1 Pin=D4-1
Added Pin To Net: NetName=OUT4 Pin=D4-2
Added Pin To Net: NetName=OUT4 Pin=D5-1
Added Pin To Net: NetName=NetD4_1 Pin=D5-2
Added Pin To Net: NetName=R Pin=D6-1
Added Pin To Net: NetName=+5 Pin=D6-2
Added Pin To Net: NetName=G Pin=D6-3
Added Pin To Net: NetName=B Pin=D6-4
Added Pin To Net: NetName=+5 Pin=R1-1
Added Pin To Net: NetName=+5 Pin=R2-1
Added Pin To Net: NetName=NetR2_2 Pin=R2-2
Added Pin To Net: NetName=OUT1 Pin=R3-1
Added Pin To Net: NetName=NetD2_1 Pin=R3-2
Added Pin To Net: NetName=OUT3 Pin=R4-1
Added Pin To Net: NetName=NetD4_1 Pin=R4-2
Added Pin To Net: NetName=GND Pin=S1-1
Added Pin To Net: NetName=NetR2_2 Pin=S1-2
Added Pin To Net: NetName=Vin Pin=U1-1
Added Pin To Net: NetName=GND Pin=U1-2
Added Pin To Net: NetName=+5 Pin=U1-3
Added Pin To Net: NetName=NetR2_2 Pin=U2-1
Added Pin To Net: NetName=EN1 Pin=U2-5
Added Pin To Net: NetName=IN1 Pin=U2-6
Added Pin To Net: NetName=+5 Pin=U2-7
Added Pin To Net: NetName=GND Pin=U2-8
Added Pin To Net: NetName=NetC3_2 Pin=U2-9
Added Pin To Net: NetName=NetC4_2 Pin=U2-10
Added Pin To Net: NetName=IN2 Pin=U2-11
Added Pin To Net: NetName=R Pin=U2-12
Added Pin To Net: NetName=G Pin=U2-13
Added Pin To Net: NetName=B Pin=U2-14
Added Pin To Net: NetName=EN2 Pin=U2-15
Added Pin To Net: NetName=IN4 Pin=U2-16
Added Pin To Net: NetName=IN3 Pin=U2-17
Added Pin To Net: NetName=+5 Pin=U2-20
Added Pin To Net: NetName=+5 Pin=U2-21
Added Pin To Net: NetName=GND Pin=U2-22
Added Pin To Net: NetName=EN1 Pin=U3-1
Added Pin To Net: NetName=IN1 Pin=U3-2
Added Pin To Net: NetName=OUT1 Pin=U3-3
Added Pin To Net: NetName=GND Pin=U3-4
Added Pin To Net: NetName=GND Pin=U3-5
Added Pin To Net: NetName=OUT2 Pin=U3-6
Added Pin To Net: NetName=IN2 Pin=U3-7
Added Pin To Net: NetName=+5 Pin=U3-8
Added Pin To Net: NetName=EN2 Pin=U3-9
Added Pin To Net: NetName=IN3 Pin=U3-10
Added Pin To Net: NetName=OUT3 Pin=U3-11
Added Pin To Net: NetName=GND Pin=U3-12
Added Pin To Net: NetName=GND Pin=U3-13
Added Pin To Net: NetName=OUT4 Pin=U3-14
Added Pin To Net: NetName=IN4 Pin=U3-15
Added Pin To Net: NetName=NetC4_2 Pin=Y1-1
Added Pin To Net: NetName=NetC3_2 Pin=Y1-2
Added Pin To Net: NetName=NetD1_1 Pin=D1-1
Added Pin To Net: NetName=NetD1_1 Pin=R1-2
Added Net: Name=NetD1_1
Added Pin To Net: NetName=NetJ2_1 Pin=J2-1
Added Pin To Net: NetName=NetJ2_1 Pin=U2-19
Added Net: Name=NetJ2_1
Added Pin To Net: NetName=NetJ2_2 Pin=J2-2
Added Pin To Net: NetName=NetJ2_2 Pin=U2-18
Added Net: Name=NetJ2_2
Added Pin To Net: NetName=NetJ2_6 Pin=J2-6
Added Pin To Net: NetName=NetJ2_6 Pin=U2-4
Added Net: Name=NetJ2_6
Added Pin To Net: NetName=NetJ2_7 Pin=J2-7
Added Pin To Net: NetName=NetJ2_7 Pin=U2-3
Added Net: Name=NetJ2_7
Added Pin To Net: NetName=NetJ2_8 Pin=J2-8
Added Pin To Net: NetName=NetJ2_8 Pin=U2-2
Added Net: Name=NetJ2_8
Added Member To Class: ClassName=Sheet1 Member=Component C1 0.33uF
Added Member To Class: ClassName=Sheet1 Member=Component C2 100nF
Added Member To Class: ClassName=Sheet1 Member=Component C3 22pF
Added Member To Class: ClassName=Sheet1 Member=Component C4 22pF
Added Member To Class: ClassName=Sheet1 Member=Component C5 100nF
Added Member To Class: ClassName=Sheet1 Member=Component C6 100nF
Added Member To Class: ClassName=Sheet1 Member=Component C7 100nF
Added Member To Class: ClassName=Sheet1 Member=Component C8 100nF
Added Member To Class: ClassName=Sheet1 Member=Component C9 100nF
Added Member To Class: ClassName=Sheet1 Member=Component D1 LED
Added Member To Class: ClassName=Sheet1 Member=Component D2 LED
Added Member To Class: ClassName=Sheet1 Member=Component D3 LED
Added Member To Class: ClassName=Sheet1 Member=Component D4 LED
Added Member To Class: ClassName=Sheet1 Member=Component D5 LED
Added Member To Class: ClassName=Sheet1 Member=Component D6 RGB LED
Added Member To Class: ClassName=Sheet1 Member=Component J1 Pin Headers 6 Pin Female
Added Member To Class: ClassName=Sheet1 Member=Component J2 Pin Headers 8 Pin Female
Added Member To Class: ClassName=Sheet1 Member=Component R1 330R
Added Member To Class: ClassName=Sheet1 Member=Component R2 10k
Added Member To Class: ClassName=Sheet1 Member=Component R3 330R
Added Member To Class: ClassName=Sheet1 Member=Component R4 330R
Added Member To Class: ClassName=Sheet1 Member=Component S1 Push Button
Added Member To Class: ClassName=Sheet1 Member=Component U1 Regulator 7805
Added Member To Class: ClassName=Sheet1 Member=Component U2 Atmega328P
Added Member To Class: ClassName=Sheet1 Member=Component U3 L293D
Added Member To Class: ClassName=Sheet1 Member=Component X1 28Pins ic holder
Added Member To Class: ClassName=Sheet1 Member=Component Y1 16MHz
